2025-07-23 14:30:16 INFO  - HV000001: Hibernate Validator 8.0.2.Final
2025-07-23 14:30:17 INFO  - Starting SchoolAppApplication using Java 17.0.14 with PID 4308 (C:\Users\chris\IdeaProjects\schoolapp\build\classes\java\main started by chris in C:\Users\chris\IdeaProjects\schoolapp)
2025-07-23 14:30:17 INFO  - The following 1 profile is active: "dev"
2025-07-23 14:30:17 INFO  - Bootstrapping Spring Data JPA repositories in DEFAULT mode.
2025-07-23 14:30:17 INFO  - Finished Spring Data repository scanning in 56 ms. Found 3 JPA repository interfaces.
2025-07-23 14:30:18 INFO  - Tomcat initialized with port 8080 (http)
2025-07-23 14:30:18 INFO  - Root WebApplicationContext: initialization completed in 1549 ms
2025-07-23 14:30:18 INFO  - HHH000412: Hibernate ORM core version 6.6.18.Final
2025-07-23 14:30:18 INFO  - HHH000026: Second-level cache disabled
2025-07-23 14:30:19 INFO  - No LoadTimeWeaver setup: ignoring JPA class transformer
2025-07-23 14:30:19 INFO  - HHH10001005: Database info:
	Database JDBC URL [Connecting through datasource 'HikariDataSource (HikariPool-1)']
	Database driver: undefined/unknown
	Database version: 8.0.41
	Autocommit mode: undefined/unknown
	Isolation level: undefined/unknown
	Minimum pool size: undefined/unknown
	Maximum pool size: undefined/unknown
2025-07-23 14:30:20 INFO  - HHH000489: No JTA platform available (set 'hibernate.transaction.jta.platform' to enable JTA platform integration)
2025-07-23 14:30:20 INFO  - Initialized JPA EntityManagerFactory for persistence unit 'default'
2025-07-23 14:30:21 INFO  - Hibernate is in classpath; If applicable, HQL parser will be used.
2025-07-23 14:30:21 INFO  - Global AuthenticationManager configured with AuthenticationProvider bean with name authenticationProvider
2025-07-23 14:30:21 INFO  - Adding welcome page template: index
2025-07-23 14:30:22 INFO  - Tomcat started on port 8080 (http) with context path '/'
2025-07-23 14:30:22 INFO  - Started SchoolAppApplication in 5.9 seconds (process running for 6.237)
2025-07-23 14:34:20 INFO  - HV000001: Hibernate Validator 8.0.2.Final
2025-07-23 14:34:21 INFO  - Starting SchoolAppApplication using Java 17.0.14 with PID 12072 (C:\Users\chris\IdeaProjects\schoolapp\build\classes\java\main started by chris in C:\Users\chris\IdeaProjects\schoolapp)
2025-07-23 14:34:21 INFO  - The following 1 profile is active: "dev"
2025-07-23 14:34:21 INFO  - Bootstrapping Spring Data JPA repositories in DEFAULT mode.
2025-07-23 14:34:21 INFO  - Finished Spring Data repository scanning in 52 ms. Found 3 JPA repository interfaces.
2025-07-23 14:34:22 INFO  - Tomcat initialized with port 8080 (http)
2025-07-23 14:34:22 INFO  - Root WebApplicationContext: initialization completed in 1536 ms
2025-07-23 14:34:22 INFO  - HHH000412: Hibernate ORM core version 6.6.18.Final
2025-07-23 14:34:22 INFO  - HHH000026: Second-level cache disabled
2025-07-23 14:34:23 INFO  - No LoadTimeWeaver setup: ignoring JPA class transformer
2025-07-23 14:34:23 INFO  - HHH10001005: Database info:
	Database JDBC URL [Connecting through datasource 'HikariDataSource (HikariPool-1)']
	Database driver: undefined/unknown
	Database version: 8.0.41
	Autocommit mode: undefined/unknown
	Isolation level: undefined/unknown
	Minimum pool size: undefined/unknown
	Maximum pool size: undefined/unknown
2025-07-23 14:34:24 INFO  - HHH000489: No JTA platform available (set 'hibernate.transaction.jta.platform' to enable JTA platform integration)
2025-07-23 14:34:24 INFO  - Initialized JPA EntityManagerFactory for persistence unit 'default'
2025-07-23 14:34:24 INFO  - Hibernate is in classpath; If applicable, HQL parser will be used.
2025-07-23 14:34:25 INFO  - Global AuthenticationManager configured with AuthenticationProvider bean with name authenticationProvider
2025-07-23 14:34:25 INFO  - Adding welcome page template: index
2025-07-23 14:34:25 INFO  - Tomcat started on port 8080 (http) with context path '/'
2025-07-23 14:34:25 INFO  - Started SchoolAppApplication in 5.475 seconds (process running for 5.848)
